[2020-02-27 06:17:17] read setting file
[2020-02-27 06:17:17] ERROR:should be set to CentOS7 or CentOS8 or RHEL7 or RHEL8 or RHEL7_AWS or RHEL8_AWS
[2020-02-27 06:18:36] read setting file
[2020-02-27 06:18:36] read answer file
[2020-02-27 06:18:36] ==========[START ITA BUILDER ONLINE]==========
[2020-02-27 06:18:36] Set up repository
Last metadata expiration check: 0:07:40 ago on Thu 27 Feb 2020 06:10:57 AM UTC.
epel-release-latest-8.noarch.rpm                9.3 kB/s |  21 kB     00:02    
Dependencies resolved.
================================================================================
 Package              Arch           Version         Repository            Size
================================================================================
Installing:
 epel-release         noarch         8-7.el8         @commandline          21 k

Transaction Summary
================================================================================
Install  1 Package

Total size: 21 k
Installed size: 30 k
Downloading Packages:
Running transaction check
Transaction check succeeded.
Running transaction test
Transaction test succeeded.
Running transaction
  Preparing        :                                                        1/1 
  Installing       : epel-release-8-7.el8.noarch                            1/1 
  Running scriptlet: epel-release-8-7.el8.noarch                            1/1 
  Verifying        : epel-release-8-7.el8.noarch                            1/1 

Installed:
  epel-release-8-7.el8.noarch                                                   

Complete!
Successful repository acquisition
27 files removed
[2020-02-27 06:18:41] OS setting
Failed to stop firewalld.service: Unit firewalld.service not loaded.
Failed to disable unit: Unit file firewalld.service does not exist.
[2020-02-27 06:18:41] MariaDB install and setting
Error: No matching Packages to list
----------Installation[MariaDB]----------
Extra Packages for Enterprise Linux 8 - x86_64  1.9 MB/s | 5.9 MB     00:03    
Red Hat Update Infrastructure 3 Client Configur 2.1 kB/s | 2.5 kB     00:01    
Red Hat Enterprise Linux 8 for x86_64 - AppStre  37 MB/s |  14 MB     00:00    
Red Hat Enterprise Linux 8 for x86_64 - BaseOS   40 MB/s |  14 MB     00:00    
Dependencies resolved.
================================================================================
 Package                      ArchVersion                                  Repository                      Size
================================================================================
Installing:
 mariadb                      x86_643:10.3.17-1.module+el8.1.0+3974+90eded84 rhui-rhel-8-appstream-rhui-rpms 6.1 M
 mariadb-server               x86_643:10.3.17-1.module+el8.1.0+3974+90eded84 rhui-rhel-8-appstream-rhui-rpms 16 M
 expect                       x86_645.45.4-5.el8                             rhui-rhel-8-baseos-rhui-rpms    267 k
Installing dependencies:
 perl-DBI                     x86_641.641-3.module+el8.1.0+2928+fafc4afc     rhui-rhel-8-appstream-rhui-rpms 740 k
 perl-URI                     noarch1.73-3.el8                               rhui-rhel-8-appstream-rhui-rpms 116 k
 mariadb-connector-c-config   noarch3.0.7-1.el8                              rhui-rhel-8-appstream-rhui-rpms 13 k
 mariadb-connector-c          x86_643.0.7-1.el8                              rhui-rhel-8-appstream-rhui-rpms 148 k
 mariadb-errmsg               x86_643:10.3.17-1.module+el8.1.0+3974+90eded84 rhui-rhel-8-appstream-rhui-rpms 232 k
 perl-Digest                  noarch1.17-395.el8                             rhui-rhel-8-appstream-rhui-rpms 27 k
 perl-DBD-MySQL               x86_644.046-3.module+el8.1.0+2938+301254e2     rhui-rhel-8-appstream-rhui-rpms 156 k
 perl-Net-SSLeay              x86_641.88-1.el8                               rhui-rhel-8-appstream-rhui-rpms 379 k
 perl-Digest-MD5              x86_642.55-396.el8                             rhui-rhel-8-appstream-rhui-rpms 37 k
 mariadb-common               x86_643:10.3.17-1.module+el8.1.0+3974+90eded84 rhui-rhel-8-appstream-rhui-rpms 62 k
 perl-libnet                  noarch3.11-3.el8                               rhui-rhel-8-appstream-rhui-rpms 121 k
 perl-Unicode-Normalize       x86_641.25-396.el8                             rhui-rhel-8-baseos-rhui-rpms    82 k
 perl-parent                  noarch1:0.237-1.el8                            rhui-rhel-8-baseos-rhui-rpms    20 k
 psmisc                       x86_6423.1-3.el8                               rhui-rhel-8-baseos-rhui-rpms    150 k
 perl-threads-shared          x86_641.58-2.el8                               rhui-rhel-8-baseos-rhui-rpms    48 k
 perl-IO                      x86_641.38-416.el8                             rhui-rhel-8-baseos-rhui-rpms    141 k
 perl-Text-ParseWords         noarch3.30-395.el8                             rhui-rhel-8-baseos-rhui-rpms    18 k
 perl-Pod-Usage               noarch4:1.69-395.el8                           rhui-rhel-8-baseos-rhui-rpms    34 k
 perl-Pod-Simple              noarch1:3.35-395.el8                           rhui-rhel-8-baseos-rhui-rpms    213 k
 perl-Storable                x86_641:3.11-3.el8                             rhui-rhel-8-baseos-rhui-rpms    98 k
 perl-Scalar-List-Utils       x86_643:1.49-2.el8                             rhui-rhel-8-baseos-rhui-rpms    68 k
 perl-Pod-Perldoc             noarch3.28-396.el8                             rhui-rhel-8-baseos-rhui-rpms    88 k
 perl-Term-Cap                noarch1.17-395.el8                             rhui-rhel-8-baseos-rhui-rpms    23 k
 perl-Math-Complex            noarch1.59-416.el8                             rhui-rhel-8-baseos-rhui-rpms    108 k
 perl-threads                 x86_641:2.21-2.el8                             rhui-rhel-8-baseos-rhui-rpms    61 k
 perl-Getopt-Long             noarch1:2.50-4.el8                             rhui-rhel-8-baseos-rhui-rpms    63 k
 perl-PathTools               x86_643.74-1.el8                               rhui-rhel-8-baseos-rhui-rpms    90 k
 perl-constant                noarch1.33-396.el8                             rhui-rhel-8-baseos-rhui-rpms    25 k
 perl-Carp                    noarch1.42-396.el8                             rhui-rhel-8-baseos-rhui-rpms    30 k
 perl-Errno                   x86_641.28-416.el8                             rhui-rhel-8-baseos-rhui-rpms    76 k
 perl-HTTP-Tiny               noarch0.074-1.el8                              rhui-rhel-8-baseos-rhui-rpms    58 k
 perl-Data-Dumper             x86_642.167-399.el8                            rhui-rhel-8-baseos-rhui-rpms    58 k
 perl-File-Path               noarch2.15-2.el8                               rhui-rhel-8-baseos-rhui-rpms    38 k
 perl-Encode                  x86_644:2.97-3.el8                             rhui-rhel-8-baseos-rhui-rpms    1.5 M
 perl-Time-Local              noarch1:1.280-1.el8                            rhui-rhel-8-baseos-rhui-rpms    34 k
 perl-libs                    x86_644:5.26.3-416.el8                         rhui-rhel-8-baseos-rhui-rpms    1.6 M
 perl-MIME-Base64             x86_643.15-396.el8                             rhui-rhel-8-baseos-rhui-rpms    31 k
 perl-macros                  x86_644:5.26.3-416.el8                         rhui-rhel-8-baseos-rhui-rpms    72 k
 perl-podlators               noarch4.11-1.el8                               rhui-rhel-8-baseos-rhui-rpms    118 k
 perl-File-Temp               noarch0.230.600-1.el8                          rhui-rhel-8-baseos-rhui-rpms    63 k
 perl-Term-ANSIColor          noarch4.06-396.el8                             rhui-rhel-8-baseos-rhui-rpms    46 k
 tcl                          x86_641:8.6.8-2.el8                            rhui-rhel-8-baseos-rhui-rpms    1.1 M
 perl-Text-Tabs+Wrap          noarch2013.0523-395.el8                        rhui-rhel-8-baseos-rhui-rpms    24 k
 perl-interpreter             x86_644:5.26.3-416.el8                         rhui-rhel-8-baseos-rhui-rpms    6.3 M
 perl-Pod-Escapes             noarch1:1.07-395.el8                           rhui-rhel-8-baseos-rhui-rpms    20 k
 perl-Exporter                noarch5.72-396.el8                             rhui-rhel-8-baseos-rhui-rpms    34 k
 perl-Socket                  x86_644:2.027-3.el8                            rhui-rhel-8-baseos-rhui-rpms    59 k
 libaio                       x86_640.3.112-1.el8                            rhui-rhel-8-baseos-rhui-rpms    33 k
 perl-Math-BigInt             noarch1:1.9998.11-7.el8                        rhui-rhel-8-baseos-rhui-rpms    196 k
Installing weak dependencies:
 mariadb-server-utils         x86_643:10.3.17-1.module+el8.1.0+3974+90eded84 rhui-rhel-8-appstream-rhui-rpms 1.6 M
 perl-IO-Socket-SSL           noarch2.066-3.el8                              rhui-rhel-8-appstream-rhui-rpms 297 k
 mariadb-gssapi-server        x86_643:10.3.17-1.module+el8.1.0+3974+90eded84 rhui-rhel-8-appstream-rhui-rpms 50 k
 perl-Mozilla-CA              noarch20160104-7.el8                           rhui-rhel-8-appstream-rhui-rpms 15 k
 mariadb-backup               x86_643:10.3.17-1.module+el8.1.0+3974+90eded84 rhui-rhel-8-appstream-rhui-rpms 6.0 M
 perl-IO-Socket-IP            noarch0.39-5.el8                               rhui-rhel-8-appstream-rhui-rpms 47 k
Enabling module streams:
 mariadb                      10.3                                                                     
 perl-DBD-MySQL               4.046                                                                    
 perl-DBI                     1.641                                                                    

Transaction Summary
================================================================================
Install  58 Packages

Total download size: 45 M
Installed size: 214 M
Downloading Packages:
(1/58): perl-URI-1.73-3.el8.noarch.rpm          1.3 MB/s | 116 kB     00:00    
(2/58): perl-DBI-1.641-3.module+el8.1.0+2928+fa 7.0 MB/s | 740 kB     00:00    
(3/58): mariadb-server-utils-10.3.17-1.module+e  12 MB/s | 1.6 MB     00:00    
(4/58): perl-IO-Socket-SSL-2.066-3.el8.noarch.r 2.2 MB/s | 297 kB     00:00    
(5/58): mariadb-connector-c-config-3.0.7-1.el8. 111 kB/s |  13 kB     00:00    
(6/58): mariadb-connector-c-3.0.7-1.el8.x86_64. 1.3 MB/s | 148 kB     00:00    
(7/58): mariadb-gssapi-server-10.3.17-1.module+ 541 kB/s |  50 kB     00:00    
(8/58): mariadb-errmsg-10.3.17-1.module+el8.1.0 2.5 MB/s | 232 kB     00:00    
(9/58): perl-Digest-1.17-395.el8.noarch.rpm     308 kB/s |  27 kB     00:00    
(10/58): perl-DBD-MySQL-4.046-3.module+el8.1.0+ 1.7 MB/s | 156 kB     00:00    
(11/58): perl-Mozilla-CA-20160104-7.el8.noarch. 166 kB/s |  15 kB     00:00    
(12/58): perl-Net-SSLeay-1.88-1.el8.x86_64.rpm  4.1 MB/s | 379 kB     00:00    
(13/58): mariadb-backup-10.3.17-1.module+el8.1.  34 MB/s | 6.0 MB     00:00    
(14/58): mariadb-10.3.17-1.module+el8.1.0+3974+  25 MB/s | 6.1 MB     00:00    
(15/58): mariadb-common-10.3.17-1.module+el8.1. 729 kB/s |  62 kB     00:00    
(16/58): perl-Digest-MD5-2.55-396.el8.x86_64.rp 121 kB/s |  37 kB     00:00    
(17/58): perl-IO-Socket-IP-0.39-5.el8.noarch.rp 520 kB/s |  47 kB     00:00    
(18/58): perl-libnet-3.11-3.el8.noarch.rpm      1.4 MB/s | 121 kB     00:00    
(19/58): perl-Unicode-Normalize-1.25-396.el8.x8 947 kB/s |  82 kB     00:00    
(20/58): perl-parent-0.237-1.el8.noarch.rpm     212 kB/s |  20 kB     00:00    
(21/58): psmisc-23.1-3.el8.x86_64.rpm           1.7 MB/s | 150 kB     00:00    
(22/58): perl-threads-shared-1.58-2.el8.x86_64. 543 kB/s |  48 kB     00:00    
(23/58): mariadb-server-10.3.17-1.module+el8.1.  48 MB/s |  16 MB     00:00    
(24/58): perl-Text-ParseWords-3.30-395.el8.noar 128 kB/s |  18 kB     00:00    
(25/58): perl-IO-1.38-416.el8.x86_64.rpm        892 kB/s | 141 kB     00:00    
(26/58): perl-Pod-Simple-3.35-395.el8.noarch.rp 1.8 MB/s | 213 kB     00:00    
(27/58): perl-Pod-Usage-1.69-395.el8.noarch.rpm 280 kB/s |  34 kB     00:00    
(28/58): perl-Storable-3.11-3.el8.x86_64.rpm    816 kB/s |  98 kB     00:00    
(29/58): perl-Pod-Perldoc-3.28-396.el8.noarch.r 985 kB/s |  88 kB     00:00    
(30/58): expect-5.45.4-5.el8.x86_64.rpm         2.3 MB/s | 267 kB     00:00    
(31/58): perl-Scalar-List-Utils-1.49-2.el8.x86_ 383 kB/s |  68 kB     00:00    
(32/58): perl-Term-Cap-1.17-395.el8.noarch.rpm  253 kB/s |  23 kB     00:00    
(33/58): perl-Math-Complex-1.59-416.el8.noarch. 1.1 MB/s | 108 kB     00:00    
(34/58): perl-threads-2.21-2.el8.x86_64.rpm     658 kB/s |  61 kB     00:00    
(35/58): perl-Getopt-Long-2.50-4.el8.noarch.rpm 686 kB/s |  63 kB     00:00    
(36/58): perl-PathTools-3.74-1.el8.x86_64.rpm   968 kB/s |  90 kB     00:00    
(37/58): perl-constant-1.33-396.el8.noarch.rpm  281 kB/s |  25 kB     00:00    
(38/58): perl-Carp-1.42-396.el8.noarch.rpm      336 kB/s |  30 kB     00:00    
(39/58): perl-Errno-1.28-416.el8.x86_64.rpm     903 kB/s |  76 kB     00:00    
(40/58): perl-HTTP-Tiny-0.074-1.el8.noarch.rpm  630 kB/s |  58 kB     00:00    
(41/58): perl-Data-Dumper-2.167-399.el8.x86_64. 635 kB/s |  58 kB     00:00    
(42/58): perl-File-Path-2.15-2.el8.noarch.rpm   409 kB/s |  38 kB     00:00    
(43/58): perl-Time-Local-1.280-1.el8.noarch.rpm 400 kB/s |  34 kB     00:00    
(44/58): perl-Encode-2.97-3.el8.x86_64.rpm       13 MB/s | 1.5 MB     00:00    
(45/58): perl-libs-5.26.3-416.el8.x86_64.rpm    9.2 MB/s | 1.6 MB     00:00    
(46/58): perl-MIME-Base64-3.15-396.el8.x86_64.r 291 kB/s |  31 kB     00:00    
(47/58): perl-macros-5.26.3-416.el8.x86_64.rpm  697 kB/s |  72 kB     00:00    
(48/58): perl-podlators-4.11-1.el8.noarch.rpm   1.2 MB/s | 118 kB     00:00    
(49/58): perl-File-Temp-0.230.600-1.el8.noarch. 648 kB/s |  63 kB     00:00    
(50/58): perl-Term-ANSIColor-4.06-396.el8.noarc 501 kB/s |  46 kB     00:00    
(51/58): tcl-8.6.8-2.el8.x86_64.rpm              11 MB/s | 1.1 MB     00:00    
(52/58): perl-Text-Tabs+Wrap-2013.0523-395.el8. 242 kB/s |  24 kB     00:00    
(53/58): perl-interpreter-5.26.3-416.el8.x86_64  34 MB/s | 6.3 MB     00:00    
(54/58): perl-Pod-Escapes-1.07-395.el8.noarch.r 184 kB/s |  20 kB     00:00    
(55/58): perl-Exporter-5.72-396.el8.noarch.rpm  322 kB/s |  34 kB     00:00    
(56/58): perl-Socket-2.027-3.el8.x86_64.rpm     675 kB/s |  59 kB     00:00    
(57/58): perl-Math-BigInt-1.9998.11-7.el8.noarc 1.8 MB/s | 196 kB     00:00    
(58/58): libaio-0.3.112-1.el8.x86_64.rpm        296 kB/s |  33 kB     00:00    
--------------------------------------------------------------------------------
Total                                            20 MB/s |  45 MB     00:02     
Running transaction check
Transaction check succeeded.
Running transaction test
Transaction test succeeded.
Running transaction
  Running scriptlet: mariadb-connector-c-3.0.7-1.el8.x86_64                 1/1 
  Preparing        :                                                        1/1 
  Installing       : perl-libs-4:5.26.3-416.el8.x86_64                     1/58 
  Installing       : perl-Exporter-5.72-396.el8.noarch                     2/58 
  Installing       : perl-Carp-1.42-396.el8.noarch                         3/58 
  Installing       : perl-Scalar-List-Utils-3:1.49-2.el8.x86_64            4/58 
  Installing       : perl-parent-1:0.237-1.el8.noarch                      5/58 
  Installing       : mariadb-connector-c-config-3.0.7-1.el8.noarch         6/58 
  Installing       : mariadb-common-3:10.3.17-1.module+el8.1.0+3974+90e    7/58 
  Installing       : mariadb-connector-c-3.0.7-1.el8.x86_64                8/58 
  Installing       : perl-Text-ParseWords-3.30-395.el8.noarch              9/58 
  Installing       : libaio-0.3.112-1.el8.x86_64                          10/58 
  Installing       : mariadb-errmsg-3:10.3.17-1.module+el8.1.0+3974+90e   11/58 
  Installing       : perl-Term-ANSIColor-4.06-396.el8.noarch              12/58 
  Installing       : perl-macros-4:5.26.3-416.el8.x86_64                  13/58 
  Installing       : perl-threads-shared-1.58-2.el8.x86_64                14/58 
  Installing       : perl-threads-1:2.21-2.el8.x86_64                     15/58 
  Installing       : perl-constant-1.33-396.el8.noarch                    16/58 
  Installing       : perl-PathTools-3.74-1.el8.x86_64                     17/58 
  Installing       : perl-Errno-1.28-416.el8.x86_64                       18/58 
  Installing       : perl-File-Path-2.15-2.el8.noarch                     19/58 
  Installing       : perl-Text-Tabs+Wrap-2013.0523-395.el8.noarch         20/58 
  Installing       : perl-IO-1.38-416.el8.x86_64                          21/58 
  Installing       : perl-Socket-4:2.027-3.el8.x86_64                     22/58 
  Installing       : perl-interpreter-4:5.26.3-416.el8.x86_64             23/58 
  Installing       : perl-Unicode-Normalize-1.25-396.el8.x86_64           24/58 
  Installing       : perl-MIME-Base64-3.15-396.el8.x86_64                 25/58 
  Installing       : perl-IO-Socket-IP-0.39-5.el8.noarch                  26/58 
  Installing       : perl-Data-Dumper-2.167-399.el8.x86_64                27/58 
  Installing       : perl-File-Temp-0.230.600-1.el8.noarch                28/58 
  Installing       : perl-Storable-1:3.11-3.el8.x86_64                    29/58 
  Installing       : perl-Time-Local-1:1.280-1.el8.noarch                 30/58 
  Installing       : perl-Digest-1.17-395.el8.noarch                      31/58 
  Installing       : perl-Digest-MD5-2.55-396.el8.x86_64                  32/58 
  Installing       : perl-Net-SSLeay-1.88-1.el8.x86_64                    33/58 
  Installing       : perl-Term-Cap-1.17-395.el8.noarch                    34/58 
  Installing       : perl-Math-Complex-1.59-416.el8.noarch                35/58 
  Installing       : perl-Math-BigInt-1:1.9998.11-7.el8.noarch            36/58 
  Installing       : perl-Pod-Escapes-1:1.07-395.el8.noarch               37/58 
  Installing       : perl-Mozilla-CA-20160104-7.el8.noarch                38/58 
  Installing       : perl-libnet-3.11-3.el8.noarch                        39/58 
  Installing       : perl-Pod-Simple-1:3.35-395.el8.noarch                40/58 
  Installing       : perl-Encode-4:2.97-3.el8.x86_64                      41/58 
  Installing       : perl-URI-1.73-3.el8.noarch                           42/58 
  Installing       : perl-Getopt-Long-1:2.50-4.el8.noarch                 43/58 
  Installing       : perl-podlators-4.11-1.el8.noarch                     44/58 
  Installing       : perl-Pod-Usage-4:1.69-395.el8.noarch                 45/58 
  Installing       : perl-Pod-Perldoc-3.28-396.el8.noarch                 46/58 
  Installing       : perl-HTTP-Tiny-0.074-1.el8.noarch                    47/58 
  Installing       : perl-IO-Socket-SSL-2.066-3.el8.noarch                48/58 
  Installing       : perl-DBI-1.641-3.module+el8.1.0+2928+fafc4afc.x86_   49/58 
  Installing       : perl-DBD-MySQL-4.046-3.module+el8.1.0+2938+301254e   50/58 
  Installing       : tcl-1:8.6.8-2.el8.x86_64                             51/58 
  Running scriptlet: tcl-1:8.6.8-2.el8.x86_64                             51/58 
  Installing       : psmisc-23.1-3.el8.x86_64                             52/58 
  Installing       : mariadb-gssapi-server-3:10.3.17-1.module+el8.1.0+3   53/58 
  Installing       : mariadb-backup-3:10.3.17-1.module+el8.1.0+3974+90e   54/58 
  Installing       : mariadb-3:10.3.17-1.module+el8.1.0+3974+90eded84.x   55/58 
  Running scriptlet: mariadb-server-3:10.3.17-1.module+el8.1.0+3974+90e   56/58 
  Installing       : mariadb-server-3:10.3.17-1.module+el8.1.0+3974+90e   56/58 
  Running scriptlet: mariadb-server-3:10.3.17-1.module+el8.1.0+3974+90e   56/58 
  Installing       : mariadb-server-utils-3:10.3.17-1.module+el8.1.0+39   57/58 
  Installing       : expect-5.45.4-5.el8.x86_64                           58/58 
  Running scriptlet: expect-5.45.4-5.el8.x86_64                           58/58 
  Verifying        : perl-DBI-1.641-3.module+el8.1.0+2928+fafc4afc.x86_    1/58 
  Verifying        : mariadb-server-utils-3:10.3.17-1.module+el8.1.0+39    2/58 
  Verifying        : perl-URI-1.73-3.el8.noarch                            3/58 
  Verifying        : perl-IO-Socket-SSL-2.066-3.el8.noarch                 4/58 
  Verifying        : mariadb-connector-c-config-3.0.7-1.el8.noarch         5/58 
  Verifying        : mariadb-connector-c-3.0.7-1.el8.x86_64                6/58 
  Verifying        : mariadb-gssapi-server-3:10.3.17-1.module+el8.1.0+3    7/58 
  Verifying        : mariadb-errmsg-3:10.3.17-1.module+el8.1.0+3974+90e    8/58 
  Verifying        : perl-Digest-1.17-395.el8.noarch                       9/58 
  Verifying        : perl-DBD-MySQL-4.046-3.module+el8.1.0+2938+301254e   10/58 
  Verifying        : perl-Mozilla-CA-20160104-7.el8.noarch                11/58 
  Verifying        : perl-Net-SSLeay-1.88-1.el8.x86_64                    12/58 
  Verifying        : mariadb-backup-3:10.3.17-1.module+el8.1.0+3974+90e   13/58 
  Verifying        : mariadb-3:10.3.17-1.module+el8.1.0+3974+90eded84.x   14/58 
  Verifying        : perl-Digest-MD5-2.55-396.el8.x86_64                  15/58 
  Verifying        : mariadb-common-3:10.3.17-1.module+el8.1.0+3974+90e   16/58 
  Verifying        : perl-IO-Socket-IP-0.39-5.el8.noarch                  17/58 
  Verifying        : perl-libnet-3.11-3.el8.noarch                        18/58 
  Verifying        : mariadb-server-3:10.3.17-1.module+el8.1.0+3974+90e   19/58 
  Verifying        : perl-Unicode-Normalize-1.25-396.el8.x86_64           20/58 
  Verifying        : perl-parent-1:0.237-1.el8.noarch                     21/58 
  Verifying        : psmisc-23.1-3.el8.x86_64                             22/58 
  Verifying        : perl-threads-shared-1.58-2.el8.x86_64                23/58 
  Verifying        : perl-IO-1.38-416.el8.x86_64                          24/58 
  Verifying        : perl-Text-ParseWords-3.30-395.el8.noarch             25/58 
  Verifying        : perl-Pod-Usage-4:1.69-395.el8.noarch                 26/58 
  Verifying        : perl-Pod-Simple-1:3.35-395.el8.noarch                27/58 
  Verifying        : perl-Storable-1:3.11-3.el8.x86_64                    28/58 
  Verifying        : expect-5.45.4-5.el8.x86_64                           29/58 
  Verifying        : perl-Scalar-List-Utils-3:1.49-2.el8.x86_64           30/58 
  Verifying        : perl-Pod-Perldoc-3.28-396.el8.noarch                 31/58 
  Verifying        : perl-Term-Cap-1.17-395.el8.noarch                    32/58 
  Verifying        : perl-Math-Complex-1.59-416.el8.noarch                33/58 
  Verifying        : perl-threads-1:2.21-2.el8.x86_64                     34/58 
  Verifying        : perl-Getopt-Long-1:2.50-4.el8.noarch                 35/58 
  Verifying        : perl-PathTools-3.74-1.el8.x86_64                     36/58 
  Verifying        : perl-constant-1.33-396.el8.noarch                    37/58 
  Verifying        : perl-Carp-1.42-396.el8.noarch                        38/58 
  Verifying        : perl-Errno-1.28-416.el8.x86_64                       39/58 
  Verifying        : perl-HTTP-Tiny-0.074-1.el8.noarch                    40/58 
  Verifying        : perl-Data-Dumper-2.167-399.el8.x86_64                41/58 
  Verifying        : perl-File-Path-2.15-2.el8.noarch                     42/58 
  Verifying        : perl-Encode-4:2.97-3.el8.x86_64                      43/58 
  Verifying        : perl-Time-Local-1:1.280-1.el8.noarch                 44/58 
  Verifying        : perl-libs-4:5.26.3-416.el8.x86_64                    45/58 
  Verifying        : perl-MIME-Base64-3.15-396.el8.x86_64                 46/58 
  Verifying        : perl-macros-4:5.26.3-416.el8.x86_64                  47/58 
  Verifying        : perl-podlators-4.11-1.el8.noarch                     48/58 
  Verifying        : perl-File-Temp-0.230.600-1.el8.noarch                49/58 
  Verifying        : perl-Term-ANSIColor-4.06-396.el8.noarch              50/58 
  Verifying        : tcl-1:8.6.8-2.el8.x86_64                             51/58 
  Verifying        : perl-Text-Tabs+Wrap-2013.0523-395.el8.noarch         52/58 
  Verifying        : perl-interpreter-4:5.26.3-416.el8.x86_64             53/58 
  Verifying        : perl-Pod-Escapes-1:1.07-395.el8.noarch               54/58 
  Verifying        : perl-Exporter-5.72-396.el8.noarch                    55/58 
  Verifying        : perl-Socket-4:2.027-3.el8.x86_64                     56/58 
  Verifying        : libaio-0.3.112-1.el8.x86_64                          57/58 
  Verifying        : perl-Math-BigInt-1:1.9998.11-7.el8.noarch            58/58 

Installed:
  mariadb-3:10.3.17-1.module+el8.1.0+3974+90eded84.x86_64                       
  mariadb-server-3:10.3.17-1.module+el8.1.0+3974+90eded84.x86_64                
  expect-5.45.4-5.el8.x86_64                                                    
  mariadb-server-utils-3:10.3.17-1.module+el8.1.0+3974+90eded84.x86_64          
  perl-IO-Socket-SSL-2.066-3.el8.noarch                                         
  mariadb-gssapi-server-3:10.3.17-1.module+el8.1.0+3974+90eded84.x86_64         
  perl-Mozilla-CA-20160104-7.el8.noarch                                         
  mariadb-backup-3:10.3.17-1.module+el8.1.0+3974+90eded84.x86_64                
  perl-IO-Socket-IP-0.39-5.el8.noarch                                           
  perl-DBI-1.641-3.module+el8.1.0+2928+fafc4afc.x86_64                          
  perl-URI-1.73-3.el8.noarch                                                    
  mariadb-connector-c-config-3.0.7-1.el8.noarch                                 
  mariadb-connector-c-3.0.7-1.el8.x86_64                                        
  mariadb-errmsg-3:10.3.17-1.module+el8.1.0+3974+90eded84.x86_64                
  perl-Digest-1.17-395.el8.noarch                                               
  perl-DBD-MySQL-4.046-3.module+el8.1.0+2938+301254e2.x86_64                    
  perl-Net-SSLeay-1.88-1.el8.x86_64                                             
  perl-Digest-MD5-2.55-396.el8.x86_64                                           
  mariadb-common-3:10.3.17-1.module+el8.1.0+3974+90eded84.x86_64                
  perl-libnet-3.11-3.el8.noarch                                                 
  perl-Unicode-Normalize-1.25-396.el8.x86_64                                    
  perl-parent-1:0.237-1.el8.noarch                                              
  psmisc-23.1-3.el8.x86_64                                                      
  perl-threads-shared-1.58-2.el8.x86_64                                         
  perl-IO-1.38-416.el8.x86_64                                                   
  perl-Text-ParseWords-3.30-395.el8.noarch                                      
  perl-Pod-Usage-4:1.69-395.el8.noarch                                          
  perl-Pod-Simple-1:3.35-395.el8.noarch                                         
  perl-Storable-1:3.11-3.el8.x86_64                                             
  perl-Scalar-List-Utils-3:1.49-2.el8.x86_64                                    
  perl-Pod-Perldoc-3.28-396.el8.noarch                                          
  perl-Term-Cap-1.17-395.el8.noarch                                             
  perl-Math-Complex-1.59-416.el8.noarch                                         
  perl-threads-1:2.21-2.el8.x86_64                                              
  perl-Getopt-Long-1:2.50-4.el8.noarch                                          
  perl-PathTools-3.74-1.el8.x86_64                                              
  perl-constant-1.33-396.el8.noarch                                             
  perl-Carp-1.42-396.el8.noarch                                                 
  perl-Errno-1.28-416.el8.x86_64                                                
  perl-HTTP-Tiny-0.074-1.el8.noarch                                             
  perl-Data-Dumper-2.167-399.el8.x86_64                                         
  perl-File-Path-2.15-2.el8.noarch                                              
  perl-Encode-4:2.97-3.el8.x86_64                                               
  perl-Time-Local-1:1.280-1.el8.noarch                                          
  perl-libs-4:5.26.3-416.el8.x86_64                                             
  perl-MIME-Base64-3.15-396.el8.x86_64                                          
  perl-macros-4:5.26.3-416.el8.x86_64                                           
  perl-podlators-4.11-1.el8.noarch                                              
  perl-File-Temp-0.230.600-1.el8.noarch                                         
  perl-Term-ANSIColor-4.06-396.el8.noarch                                       
  tcl-1:8.6.8-2.el8.x86_64                                                      
  perl-Text-Tabs+Wrap-2013.0523-395.el8.noarch                                  
  perl-interpreter-4:5.26.3-416.el8.x86_64                                      
  perl-Pod-Escapes-1:1.07-395.el8.noarch                                        
  perl-Exporter-5.72-396.el8.noarch                                             
  perl-Socket-4:2.027-3.el8.x86_64                                              
  libaio-0.3.112-1.el8.x86_64                                                   
  perl-Math-BigInt-1:1.9998.11-7.el8.noarch                                     

Complete!
Created symlink /etc/systemd/system/mysql.service → /usr/lib/systemd/system/mariadb.service.
Created symlink /etc/systemd/system/mysqld.service → /usr/lib/systemd/system/mariadb.service.
Created symlink /etc/systemd/system/multi-user.target.wants/mariadb.service → /usr/lib/systemd/system/mariadb.service.
spawn mysql_secure_installation

NOTE: RUNNING ALL PARTS OF THIS SCRIPT IS RECOMMENDED FOR ALL MariaDB
      SERVERS IN PRODUCTION USE!  PLEASE READ EACH STEP CAREFULLY!

In order to log into MariaDB to secure it, we'll need the current
password for the root user.  If you've just installed MariaDB, and
you haven't set the root password yet, the password will be blank,
so you should just press enter here.

Enter current password for root (enter for none): 
OK, successfully used password, moving on...

Setting the root password ensures that nobody can log into the MariaDB
root user without the proper authorisation.

Set root password? [Y/n] Y
New password: 
Re-enter new password: 
Password updated successfully!
Reloading privilege tables..
 ... Success!


By default, a MariaDB installation has an anonymous user, allowing anyone
to log into MariaDB without having to have a user account created for
them.  This is intended only for testing, and to make the installation
go a bit smoother.  You should remove them before moving into a
production environment.

Remove anonymous users? [Y/n] Y
 ... Success!

Normally, root should only be allowed to connect from 'localhost'.  This
ensures that someone cannot guess at the root password from the network.

Disallow root login remotely? [Y/n] Y
 ... Success!

By default, MariaDB comes with a database named 'test' that anyone can
access.  This is also intended only for testing, and should be removed
before moving into a production environment.

Remove test database and access to it? [Y/n] Y
 - Dropping test database...
 ... Success!
 - Removing privileges on test database...
 ... Success!

Reloading the privilege tables will ensure that all changes made so far
will take effect immediately.

Reload privilege tables now? [Y/n] diff: /etc/my.cnf.d//server.cnf: No such file or directory
[2020-02-27 06:19:17] Apache install and setting
----------Installation[httpd mod_ssl]----------
Last metadata expiration check: 0:00:26 ago on Thu 27 Feb 2020 06:18:52 AM UTC.
Dependencies resolved.
================================================================================
 Package              ArchVersion                                  Repository                      Size
================================================================================
Installing:
 mod_ssl              x86_641:2.4.37-16.module+el8.1.0+4134+e6bad0ed rhui-rhel-8-appstream-rhui-rpms 131 k
 httpd                x86_642.4.37-16.module+el8.1.0+4134+e6bad0ed   rhui-rhel-8-appstream-rhui-rpms 1.4 M
Installing dependencies:
 httpd-filesystem     noarch2.4.37-16.module+el8.1.0+4134+e6bad0ed   rhui-rhel-8-appstream-rhui-rpms 35 k
 httpd-tools          x86_642.4.37-16.module+el8.1.0+4134+e6bad0ed   rhui-rhel-8-appstream-rhui-rpms 103 k
 mod_http2            x86_641.11.3-3.module+el8.1.0+4134+e6bad0ed    rhui-rhel-8-appstream-rhui-rpms 158 k
 apr                  x86_641.6.3-9.el8                              rhui-rhel-8-appstream-rhui-rpms 125 k
 sscg                 x86_642.3.3-6.el8                              rhui-rhel-8-appstream-rhui-rpms 43 k
 apr-util             x86_641.6.1-6.el8                              rhui-rhel-8-appstream-rhui-rpms 105 k
 mailcap              noarch2.1.48-3.el8                             rhui-rhel-8-baseos-rhui-rpms    39 k
 redhat-logos-httpd   noarch81.1-1.el8                               rhui-rhel-8-baseos-rhui-rpms    26 k
Installing weak dependencies:
 apr-util-bdb         x86_641.6.1-6.el8                              rhui-rhel-8-appstream-rhui-rpms 25 k
 apr-util-openssl     x86_641.6.1-6.el8                              rhui-rhel-8-appstream-rhui-rpms 27 k
Enabling module streams:
 httpd                2.4                                                                      

Transaction Summary
================================================================================
Install  12 Packages

Total download size: 2.2 M
Installed size: 6.5 M
Downloading Packages:
(1/12): mod_ssl-2.4.37-16.module+el8.1.0+4134+e 1.3 MB/s | 131 kB     00:00    
(2/12): httpd-filesystem-2.4.37-16.module+el8.1 349 kB/s |  35 kB     00:00    
(3/12): httpd-2.4.37-16.module+el8.1.0+4134+e6b 7.6 MB/s | 1.4 MB     00:00    
(4/12): apr-util-bdb-1.6.1-6.el8.x86_64.rpm     284 kB/s |  25 kB     00:00    
(5/12): httpd-tools-2.4.37-16.module+el8.1.0+41 1.1 MB/s | 103 kB     00:00    
(6/12): mod_http2-1.11.3-3.module+el8.1.0+4134+ 1.8 MB/s | 158 kB     00:00    
(7/12): apr-util-openssl-1.6.1-6.el8.x86_64.rpm 294 kB/s |  27 kB     00:00    
(8/12): apr-1.6.3-9.el8.x86_64.rpm              1.3 MB/s | 125 kB     00:00    
(9/12): sscg-2.3.3-6.el8.x86_64.rpm             463 kB/s |  43 kB     00:00    
(10/12): apr-util-1.6.1-6.el8.x86_64.rpm        1.1 MB/s | 105 kB     00:00    
(11/12): mailcap-2.1.48-3.el8.noarch.rpm        421 kB/s |  39 kB     00:00    
(12/12): redhat-logos-httpd-81.1-1.el8.noarch.r 317 kB/s |  26 kB     00:00    
--------------------------------------------------------------------------------
Total                                           1.5 MB/s | 2.2 MB     00:01     
Running transaction check
Transaction check succeeded.
Running transaction test
Transaction test succeeded.
Running transaction
  Preparing        :                                                        1/1 
  Installing       : apr-1.6.3-9.el8.x86_64                                1/12 
  Running scriptlet: apr-1.6.3-9.el8.x86_64                                1/12 
  Installing       : apr-util-openssl-1.6.1-6.el8.x86_64                   2/12 
  Installing       : apr-util-1.6.1-6.el8.x86_64                           3/12 
  Running scriptlet: apr-util-1.6.1-6.el8.x86_64                           3/12 
  Installing       : apr-util-bdb-1.6.1-6.el8.x86_64                       4/12 
  Running scriptlet: httpd-filesystem-2.4.37-16.module+el8.1.0+4134+e6b    5/12 
  Installing       : httpd-filesystem-2.4.37-16.module+el8.1.0+4134+e6b    5/12 
  Installing       : httpd-tools-2.4.37-16.module+el8.1.0+4134+e6bad0ed    6/12 
  Installing       : redhat-logos-httpd-81.1-1.el8.noarch                  7/12 
  Installing       : mailcap-2.1.48-3.el8.noarch                           8/12 
  Installing       : mod_http2-1.11.3-3.module+el8.1.0+4134+e6bad0ed.x8    9/12 
  Installing       : httpd-2.4.37-16.module+el8.1.0+4134+e6bad0ed.x86_6   10/12 
  Running scriptlet: httpd-2.4.37-16.module+el8.1.0+4134+e6bad0ed.x86_6   10/12 
  Installing       : sscg-2.3.3-6.el8.x86_64                              11/12 
  Installing       : mod_ssl-1:2.4.37-16.module+el8.1.0+4134+e6bad0ed.x   12/12 
  Running scriptlet: httpd-2.4.37-16.module+el8.1.0+4134+e6bad0ed.x86_6   12/12 
  Running scriptlet: mod_ssl-1:2.4.37-16.module+el8.1.0+4134+e6bad0ed.x   12/12 
  Verifying        : mod_ssl-1:2.4.37-16.module+el8.1.0+4134+e6bad0ed.x    1/12 
  Verifying        : httpd-2.4.37-16.module+el8.1.0+4134+e6bad0ed.x86_6    2/12 
  Verifying        : httpd-filesystem-2.4.37-16.module+el8.1.0+4134+e6b    3/12 
  Verifying        : httpd-tools-2.4.37-16.module+el8.1.0+4134+e6bad0ed    4/12 
  Verifying        : apr-util-bdb-1.6.1-6.el8.x86_64                       5/12 
  Verifying        : mod_http2-1.11.3-3.module+el8.1.0+4134+e6bad0ed.x8    6/12 
  Verifying        : apr-util-openssl-1.6.1-6.el8.x86_64                   7/12 
  Verifying        : apr-1.6.3-9.el8.x86_64                                8/12 
  Verifying        : sscg-2.3.3-6.el8.x86_64                               9/12 
  Verifying        : apr-util-1.6.1-6.el8.x86_64                          10/12 
  Verifying        : mailcap-2.1.48-3.el8.noarch                          11/12 
  Verifying        : redhat-logos-httpd-81.1-1.el8.noarch                 12/12 

Installed:
  mod_ssl-1:2.4.37-16.module+el8.1.0+4134+e6bad0ed.x86_64                       
  httpd-2.4.37-16.module+el8.1.0+4134+e6bad0ed.x86_64                           
  apr-util-bdb-1.6.1-6.el8.x86_64                                               
  apr-util-openssl-1.6.1-6.el8.x86_64                                           
  httpd-filesystem-2.4.37-16.module+el8.1.0+4134+e6bad0ed.noarch                
  httpd-tools-2.4.37-16.module+el8.1.0+4134+e6bad0ed.x86_64                     
  mod_http2-1.11.3-3.module+el8.1.0+4134+e6bad0ed.x86_64                        
  apr-1.6.3-9.el8.x86_64                                                        
  sscg-2.3.3-6.el8.x86_64                                                       
  apr-util-1.6.1-6.el8.x86_64                                                   
  mailcap-2.1.48-3.el8.noarch                                                   
  redhat-logos-httpd-81.1-1.el8.noarch                                          

Complete!
----------Check installation[httpd]----------
Last metadata expiration check: 0:00:32 ago on Thu 27 Feb 2020 06:18:52 AM UTC.
Package httpd-2.4.37-16.module+el8.1.0+4134+e6bad0ed.x86_64 is already installed.
Dependencies resolved.
Nothing to do.
Complete!
----------Check installation[mod_ssl]----------
Last metadata expiration check: 0:00:34 ago on Thu 27 Feb 2020 06:18:52 AM UTC.
Package mod_ssl-1:2.4.37-16.module+el8.1.0+4134+e6bad0ed.x86_64 is already installed.
Dependencies resolved.
Nothing to do.
Complete!
Created symlink /etc/systemd/system/multi-user.target.wants/httpd.service → /usr/lib/systemd/system/httpd.service.
[2020-02-27 06:19:27] php install and setting
----------Installation[php php-bcmath php-cli php-ldap php-mbstring php-mysqlnd php-pear php-pecl-zip php-process php-snmp php-xml zip telnet mailx unzip php-json php-zip php-gd python3]----------
Last metadata expiration check: 0:00:36 ago on Thu 27 Feb 2020 06:18:52 AM UTC.
Dependencies resolved.
================================================================================
 Package                   ArchVersion                                 Repository                      Size
================================================================================
Installing:
 telnet                    x86_641:0.17-73.el8                           rhui-rhel-8-appstream-rhui-rpms 72 k
 php-pecl-zip              x86_641.15.3-1.module+el8+2561+1aca3413       rhui-rhel-8-appstream-rhui-rpms 51 k
 php-pear                  noarch1:1.10.5-9.module+el8.1.0+3202+af5476b9 rhui-rhel-8-appstream-rhui-rpms 358 k
 python36                  x86_643.6.8-2.module+el8.1.0+3334+5cb623d7    rhui-rhel-8-appstream-rhui-rpms 19 k
 php-ldap                  x86_647.2.11-4.module+el8.1.0+4555+f5cb8e18   rhui-rhel-8-appstream-rhui-rpms 79 k
 php-bcmath                x86_647.2.11-4.module+el8.1.0+4555+f5cb8e18   rhui-rhel-8-appstream-rhui-rpms 80 k
 php-cli                   x86_647.2.11-4.module+el8.1.0+4555+f5cb8e18   rhui-rhel-8-appstream-rhui-rpms 3.1 M
 php-json                  x86_647.2.11-4.module+el8.1.0+4555+f5cb8e18   rhui-rhel-8-appstream-rhui-rpms 73 k
 php-xml                   x86_647.2.11-4.module+el8.1.0+4555+f5cb8e18   rhui-rhel-8-appstream-rhui-rpms 189 k
 php                       x86_647.2.11-4.module+el8.1.0+4555+f5cb8e18   rhui-rhel-8-appstream-rhui-rpms 1.5 M
 php-gd                    x86_647.2.11-4.module+el8.1.0+4555+f5cb8e18   rhui-rhel-8-appstream-rhui-rpms 84 k
 php-mbstring              x86_647.2.11-4.module+el8.1.0+4555+f5cb8e18   rhui-rhel-8-appstream-rhui-rpms 581 k
 php-process               x86_647.2.11-4.module+el8.1.0+4555+f5cb8e18   rhui-rhel-8-appstream-rhui-rpms 84 k
 php-snmp                  x86_647.2.11-4.module+el8.1.0+4555+f5cb8e18   rhui-rhel-8-appstream-rhui-rpms 74 k
 php-mysqlnd               x86_647.2.11-4.module+el8.1.0+4555+f5cb8e18   rhui-rhel-8-appstream-rhui-rpms 191 k
 unzip                     x86_646.0-41.el8                              rhui-rhel-8-baseos-rhui-rpms    193 k
 zip                       x86_643.0-23.el8                              rhui-rhel-8-baseos-rhui-rpms    270 k
 mailx                     x86_6412.5-29.el8                             rhui-rhel-8-baseos-rhui-rpms    257 k
Installing dependencies:
 nginx-filesystem          noarch1:1.14.1-9.module+el8.0.0+4108+af250afe rhui-rhel-8-appstream-rhui-rpms 24 k
 libzip                    x86_641.5.1-2.module+el8.1.0+3202+af5476b9    rhui-rhel-8-appstream-rhui-rpms 63 k
 jbigkit-libs              x86_642.1-14.el8                              rhui-rhel-8-appstream-rhui-rpms 55 k
 libX11                    x86_641.6.7-1.el8                             rhui-rhel-8-appstream-rhui-rpms 612 k
 libxcb                    x86_641.13-5.el8                              rhui-rhel-8-appstream-rhui-rpms 230 k
 libXpm                    x86_643.5.12-7.el8                            rhui-rhel-8-appstream-rhui-rpms 58 k
 libtiff                   x86_644.0.9-15.el8                            rhui-rhel-8-appstream-rhui-rpms 188 k
 libX11-common             noarch1.6.7-1.el8                             rhui-rhel-8-appstream-rhui-rpms 157 k
 python3-pip               noarch9.0.3-13.el8                            rhui-rhel-8-appstream-rhui-rpms 18 k
 gd                        x86_642.2.5-6.el8                             rhui-rhel-8-appstream-rhui-rpms 144 k
 libXau                    x86_641.0.8-13.el8                            rhui-rhel-8-appstream-rhui-rpms 36 k
 libwebp                   x86_641.0.0-1.el8                             rhui-rhel-8-appstream-rhui-rpms 273 k
 libjpeg-turbo             x86_641.5.3-10.el8                            rhui-rhel-8-appstream-rhui-rpms 156 k
 php-pdo                   x86_647.2.11-4.module+el8.1.0+4555+f5cb8e18   rhui-rhel-8-appstream-rhui-rpms 122 k
 php-common                x86_647.2.11-4.module+el8.1.0+4555+f5cb8e18   rhui-rhel-8-appstream-rhui-rpms 655 k
 net-snmp-agent-libs       x86_641:5.8-12.el8_1                          rhui-rhel-8-appstream-rhui-rpms 751 k
 net-snmp                  x86_641:5.8-12.el8_1                          rhui-rhel-8-appstream-rhui-rpms 353 k
 fontconfig                x86_642.13.1-3.el8                            rhui-rhel-8-baseos-rhui-rpms    275 k
 dejavu-sans-fonts         noarch2.35-6.el8                              rhui-rhel-8-baseos-rhui-rpms    1.5 M
 fontpackages-filesystem   noarch1.44-22.el8                             rhui-rhel-8-baseos-rhui-rpms    16 k
 dejavu-fonts-common       noarch2.35-6.el8                              rhui-rhel-8-baseos-rhui-rpms    74 k
 libxslt                   x86_641.1.32-3.el8                            rhui-rhel-8-baseos-rhui-rpms    249 k
 lm_sensors-libs           x86_643.4.0-20.20180522git70f7e08.el8         rhui-rhel-8-baseos-rhui-rpms    59 k
 net-snmp-libs             x86_641:5.8-12.el8_1                          rhui-rhel-8-baseos-rhui-rpms    822 k
Installing weak dependencies:
 php-fpm                   x86_647.2.11-4.module+el8.1.0+4555+f5cb8e18   rhui-rhel-8-appstream-rhui-rpms 1.6 M
Enabling module streams:
 nginx                     1.14                                                                    
 php                       7.2                                                                     
 python36                  3.6                                                                     

Transaction Summary
================================================================================
Install  43 Packages

Total download size: 16 M
Installed size: 57 M
Downloading Packages:
(1/43): nginx-filesystem-1.14.1-9.module+el8.0.  22 kB/s |  24 kB     00:01    
(2/43): libzip-1.5.1-2.module+el8.1.0+3202+af54  57 kB/s |  63 kB     00:01    
(3/43): telnet-0.17-73.el8.x86_64.rpm            65 kB/s |  72 kB     00:01    
(4/43): php-pecl-zip-1.15.3-1.module+el8+2561+1 592 kB/s |  51 kB     00:00    
(5/43): php-pear-1.10.5-9.module+el8.1.0+3202+a 4.0 MB/s | 358 kB     00:00    
(6/43): python36-3.6.8-2.module+el8.1.0+3334+5c 213 kB/s |  19 kB     00:00    
(7/43): jbigkit-libs-2.1-14.el8.x86_64.rpm      605 kB/s |  55 kB     00:00    
(8/43): libX11-1.6.7-1.el8.x86_64.rpm           6.3 MB/s | 612 kB     00:00    
(9/43): libxcb-1.13-5.el8.x86_64.rpm            2.3 MB/s | 230 kB     00:00    
(10/43): libXpm-3.5.12-7.el8.x86_64.rpm         604 kB/s |  58 kB     00:00    
(11/43): libtiff-4.0.9-15.el8.x86_64.rpm        2.0 MB/s | 188 kB     00:00    
(12/43): libX11-common-1.6.7-1.el8.noarch.rpm   1.5 MB/s | 157 kB     00:00    
(13/43): python3-pip-9.0.3-13.el8.noarch.rpm    203 kB/s |  18 kB     00:00    
(14/43): gd-2.2.5-6.el8.x86_64.rpm              1.6 MB/s | 144 kB     00:00    
(15/43): libXau-1.0.8-13.el8.x86_64.rpm         414 kB/s |  36 kB     00:00    
(16/43): libwebp-1.0.0-1.el8.x86_64.rpm         3.0 MB/s | 273 kB     00:00    
(17/43): libjpeg-turbo-1.5.3-10.el8.x86_64.rpm  1.7 MB/s | 156 kB     00:00    
(18/43): php-ldap-7.2.11-4.module+el8.1.0+4555+ 934 kB/s |  79 kB     00:00    
(19/43): php-pdo-7.2.11-4.module+el8.1.0+4555+f 1.3 MB/s | 122 kB     00:00    
(20/43): php-bcmath-7.2.11-4.module+el8.1.0+455 844 kB/s |  80 kB     00:00    
(21/43): php-cli-7.2.11-4.module+el8.1.0+4555+f  19 MB/s | 3.1 MB     00:00    
(22/43): php-json-7.2.11-4.module+el8.1.0+4555+ 852 kB/s |  73 kB     00:00    
(23/43): php-fpm-7.2.11-4.module+el8.1.0+4555+f 9.0 MB/s | 1.6 MB     00:00    
(24/43): php-xml-7.2.11-4.module+el8.1.0+4555+f 2.0 MB/s | 189 kB     00:00    
(25/43): php-7.2.11-4.module+el8.1.0+4555+f5cb8 9.1 MB/s | 1.5 MB     00:00    
(26/43): php-gd-7.2.11-4.module+el8.1.0+4555+f5 945 kB/s |  84 kB     00:00    
(27/43): php-mbstring-7.2.11-4.module+el8.1.0+4 6.1 MB/s | 581 kB     00:00    
(28/43): php-common-7.2.11-4.module+el8.1.0+455 6.4 MB/s | 655 kB     00:00    
(29/43): php-snmp-7.2.11-4.module+el8.1.0+4555+ 810 kB/s |  74 kB     00:00    
(30/43): php-process-7.2.11-4.module+el8.1.0+45 769 kB/s |  84 kB     00:00    
(31/43): php-mysqlnd-7.2.11-4.module+el8.1.0+45 2.0 MB/s | 191 kB     00:00    
(32/43): net-snmp-agent-libs-5.8-12.el8_1.x86_6 7.0 MB/s | 751 kB     00:00    
(33/43): net-snmp-5.8-12.el8_1.x86_64.rpm       3.3 MB/s | 353 kB     00:00    
(34/43): fontconfig-2.13.1-3.el8.x86_64.rpm     2.7 MB/s | 275 kB     00:00    
(35/43): unzip-6.0-41.el8.x86_64.rpm            2.1 MB/s | 193 kB     00:00    
(36/43): dejavu-sans-fonts-2.35-6.el8.noarch.rp  13 MB/s | 1.5 MB     00:00    
(37/43): zip-3.0-23.el8.x86_64.rpm              2.6 MB/s | 270 kB     00:00    
(38/43): fontpackages-filesystem-1.44-22.el8.no 169 kB/s |  16 kB     00:00    
(39/43): mailx-12.5-29.el8.x86_64.rpm           2.9 MB/s | 257 kB     00:00    
(40/43): dejavu-fonts-common-2.35-6.el8.noarch. 803 kB/s |  74 kB     00:00    
(41/43): libxslt-1.1.32-3.el8.x86_64.rpm        2.6 MB/s | 249 kB     00:00    
(42/43): lm_sensors-libs-3.4.0-20.20180522git70 632 kB/s |  59 kB     00:00    
(43/43): net-snmp-libs-5.8-12.el8_1.x86_64.rpm  8.6 MB/s | 822 kB     00:00    
--------------------------------------------------------------------------------
Total                                           6.2 MB/s |  16 MB     00:02     
Running transaction check
Transaction check succeeded.
Running transaction test
Transaction test succeeded.
Running transaction
  Preparing        :                                                        1/1 
  Installing       : php-common-7.2.11-4.module+el8.1.0+4555+f5cb8e18.x    1/43 
  Installing       : net-snmp-libs-1:5.8-12.el8_1.x86_64                   2/43 
  Installing       : libjpeg-turbo-1.5.3-10.el8.x86_64                     3/43 
  Installing       : php-cli-7.2.11-4.module+el8.1.0+4555+f5cb8e18.x86_    4/43 
  Installing       : lm_sensors-libs-3.4.0-20.20180522git70f7e08.el8.x8    5/43 
  Running scriptlet: lm_sensors-libs-3.4.0-20.20180522git70f7e08.el8.x8    5/43 
  Installing       : fontpackages-filesystem-1.44-22.el8.noarch            6/43 
  Installing       : dejavu-fonts-common-2.35-6.el8.noarch                 7/43 
  Installing       : dejavu-sans-fonts-2.35-6.el8.noarch                   8/43 
  Installing       : fontconfig-2.13.1-3.el8.x86_64                        9/43 
  Running scriptlet: fontconfig-2.13.1-3.el8.x86_64                        9/43 
  Installing       : net-snmp-agent-libs-1:5.8-12.el8_1.x86_64            10/43 
  Installing       : net-snmp-1:5.8-12.el8_1.x86_64                       11/43 
  Running scriptlet: net-snmp-1:5.8-12.el8_1.x86_64                       11/43 
  Installing       : php-pdo-7.2.11-4.module+el8.1.0+4555+f5cb8e18.x86_   12/43 
  Installing       : php-process-7.2.11-4.module+el8.1.0+4555+f5cb8e18.   13/43 
  Installing       : python3-pip-9.0.3-13.el8.noarch                      14/43 
  Installing       : python36-3.6.8-2.module+el8.1.0+3334+5cb623d7.x86_   15/43 
  Running scriptlet: python36-3.6.8-2.module+el8.1.0+3334+5cb623d7.x86_   15/43 
  Installing       : libxslt-1.1.32-3.el8.x86_64                          16/43 
  Installing       : php-xml-7.2.11-4.module+el8.1.0+4555+f5cb8e18.x86_   17/43 
  Installing       : unzip-6.0-41.el8.x86_64                              18/43 
  Installing       : libwebp-1.0.0-1.el8.x86_64                           19/43 
  Installing       : libXau-1.0.8-13.el8.x86_64                           20/43 
  Installing       : libxcb-1.13-5.el8.x86_64                             21/43 
  Installing       : libX11-common-1.6.7-1.el8.noarch                     22/43 
  Installing       : libX11-1.6.7-1.el8.x86_64                            23/43 
  Installing       : libXpm-3.5.12-7.el8.x86_64                           24/43 
  Installing       : jbigkit-libs-2.1-14.el8.x86_64                       25/43 
  Running scriptlet: jbigkit-libs-2.1-14.el8.x86_64                       25/43 
  Installing       : libtiff-4.0.9-15.el8.x86_64                          26/43 
  Installing       : gd-2.2.5-6.el8.x86_64                                27/43 
  Running scriptlet: gd-2.2.5-6.el8.x86_64                                27/43 
  Installing       : libzip-1.5.1-2.module+el8.1.0+3202+af5476b9.x86_64   28/43 
  Running scriptlet: nginx-filesystem-1:1.14.1-9.module+el8.0.0+4108+af   29/43 
  Installing       : nginx-filesystem-1:1.14.1-9.module+el8.0.0+4108+af   29/43 
  Installing       : php-fpm-7.2.11-4.module+el8.1.0+4555+f5cb8e18.x86_   30/43 
  Running scriptlet: php-fpm-7.2.11-4.module+el8.1.0+4555+f5cb8e18.x86_   30/43 
  Installing       : php-7.2.11-4.module+el8.1.0+4555+f5cb8e18.x86_64     31/43 
  Installing       : php-pecl-zip-1.15.3-1.module+el8+2561+1aca3413.x86   32/43 
  Installing       : php-gd-7.2.11-4.module+el8.1.0+4555+f5cb8e18.x86_6   33/43 
  Installing       : zip-3.0-23.el8.x86_64                                34/43 
  Installing       : php-pear-1:1.10.5-9.module+el8.1.0+3202+af5476b9.n   35/43 
  Installing       : php-mysqlnd-7.2.11-4.module+el8.1.0+4555+f5cb8e18.   36/43 
  Installing       : php-snmp-7.2.11-4.module+el8.1.0+4555+f5cb8e18.x86   37/43 
  Installing       : php-ldap-7.2.11-4.module+el8.1.0+4555+f5cb8e18.x86   38/43 
  Installing       : php-bcmath-7.2.11-4.module+el8.1.0+4555+f5cb8e18.x   39/43 
  Installing       : php-json-7.2.11-4.module+el8.1.0+4555+f5cb8e18.x86   40/43 
  Installing       : php-mbstring-7.2.11-4.module+el8.1.0+4555+f5cb8e18   41/43 
  Installing       : mailx-12.5-29.el8.x86_64                             42/43 
  Installing       : telnet-1:0.17-73.el8.x86_64                          43/43 
  Running scriptlet: telnet-1:0.17-73.el8.x86_64                          43/43 
  Running scriptlet: fontconfig-2.13.1-3.el8.x86_64                       43/43 
  Running scriptlet: php-fpm-7.2.11-4.module+el8.1.0+4555+f5cb8e18.x86_   43/43 
  Running scriptlet: php-pear-1:1.10.5-9.module+el8.1.0+3202+af5476b9.n   43/43 
  Verifying        : nginx-filesystem-1:1.14.1-9.module+el8.0.0+4108+af    1/43 
  Verifying        : libzip-1.5.1-2.module+el8.1.0+3202+af5476b9.x86_64    2/43 
  Verifying        : telnet-1:0.17-73.el8.x86_64                           3/43 
  Verifying        : php-pecl-zip-1.15.3-1.module+el8+2561+1aca3413.x86    4/43 
  Verifying        : php-pear-1:1.10.5-9.module+el8.1.0+3202+af5476b9.n    5/43 
  Verifying        : python36-3.6.8-2.module+el8.1.0+3334+5cb623d7.x86_    6/43 
  Verifying        : jbigkit-libs-2.1-14.el8.x86_64                        7/43 
  Verifying        : libX11-1.6.7-1.el8.x86_64                             8/43 
  Verifying        : libxcb-1.13-5.el8.x86_64                              9/43 
  Verifying        : libXpm-3.5.12-7.el8.x86_64                           10/43 
  Verifying        : libtiff-4.0.9-15.el8.x86_64                          11/43 
  Verifying        : libX11-common-1.6.7-1.el8.noarch                     12/43 
  Verifying        : python3-pip-9.0.3-13.el8.noarch                      13/43 
  Verifying        : gd-2.2.5-6.el8.x86_64                                14/43 
  Verifying        : libXau-1.0.8-13.el8.x86_64                           15/43 
  Verifying        : libwebp-1.0.0-1.el8.x86_64                           16/43 
  Verifying        : libjpeg-turbo-1.5.3-10.el8.x86_64                    17/43 
  Verifying        : php-ldap-7.2.11-4.module+el8.1.0+4555+f5cb8e18.x86   18/43 
  Verifying        : php-pdo-7.2.11-4.module+el8.1.0+4555+f5cb8e18.x86_   19/43 
  Verifying        : php-bcmath-7.2.11-4.module+el8.1.0+4555+f5cb8e18.x   20/43 
  Verifying        : php-cli-7.2.11-4.module+el8.1.0+4555+f5cb8e18.x86_   21/43 
  Verifying        : php-fpm-7.2.11-4.module+el8.1.0+4555+f5cb8e18.x86_   22/43 
  Verifying        : php-json-7.2.11-4.module+el8.1.0+4555+f5cb8e18.x86   23/43 
  Verifying        : php-xml-7.2.11-4.module+el8.1.0+4555+f5cb8e18.x86_   24/43 
  Verifying        : php-7.2.11-4.module+el8.1.0+4555+f5cb8e18.x86_64     25/43 
  Verifying        : php-gd-7.2.11-4.module+el8.1.0+4555+f5cb8e18.x86_6   26/43 
  Verifying        : php-mbstring-7.2.11-4.module+el8.1.0+4555+f5cb8e18   27/43 
  Verifying        : php-common-7.2.11-4.module+el8.1.0+4555+f5cb8e18.x   28/43 
  Verifying        : php-process-7.2.11-4.module+el8.1.0+4555+f5cb8e18.   29/43 
  Verifying        : php-snmp-7.2.11-4.module+el8.1.0+4555+f5cb8e18.x86   30/43 
  Verifying        : php-mysqlnd-7.2.11-4.module+el8.1.0+4555+f5cb8e18.   31/43 
  Verifying        : net-snmp-agent-libs-1:5.8-12.el8_1.x86_64            32/43 
  Verifying        : net-snmp-1:5.8-12.el8_1.x86_64                       33/43 
  Verifying        : fontconfig-2.13.1-3.el8.x86_64                       34/43 
  Verifying        : dejavu-sans-fonts-2.35-6.el8.noarch                  35/43 
  Verifying        : unzip-6.0-41.el8.x86_64                              36/43 
  Verifying        : zip-3.0-23.el8.x86_64                                37/43 
  Verifying        : fontpackages-filesystem-1.44-22.el8.noarch           38/43 
  Verifying        : mailx-12.5-29.el8.x86_64                             39/43 
  Verifying        : dejavu-fonts-common-2.35-6.el8.noarch                40/43 
  Verifying        : libxslt-1.1.32-3.el8.x86_64                          41/43 
  Verifying        : lm_sensors-libs-3.4.0-20.20180522git70f7e08.el8.x8   42/43 
  Verifying        : net-snmp-libs-1:5.8-12.el8_1.x86_64                  43/43 

Installed:
  telnet-1:0.17-73.el8.x86_64                                                   
  php-pecl-zip-1.15.3-1.module+el8+2561+1aca3413.x86_64                         
  php-pear-1:1.10.5-9.module+el8.1.0+3202+af5476b9.noarch                       
  python36-3.6.8-2.module+el8.1.0+3334+5cb623d7.x86_64                          
  php-ldap-7.2.11-4.module+el8.1.0+4555+f5cb8e18.x86_64                         
  php-bcmath-7.2.11-4.module+el8.1.0+4555+f5cb8e18.x86_64                       
  php-cli-7.2.11-4.module+el8.1.0+4555+f5cb8e18.x86_64                          
  php-json-7.2.11-4.module+el8.1.0+4555+f5cb8e18.x86_64                         
  php-xml-7.2.11-4.module+el8.1.0+4555+f5cb8e18.x86_64                          
  php-7.2.11-4.module+el8.1.0+4555+f5cb8e18.x86_64                              
  php-gd-7.2.11-4.module+el8.1.0+4555+f5cb8e18.x86_64                           
  php-mbstring-7.2.11-4.module+el8.1.0+4555+f5cb8e18.x86_64                     
  php-process-7.2.11-4.module+el8.1.0+4555+f5cb8e18.x86_64                      
  php-snmp-7.2.11-4.module+el8.1.0+4555+f5cb8e18.x86_64                         
  php-mysqlnd-7.2.11-4.module+el8.1.0+4555+f5cb8e18.x86_64                      
  unzip-6.0-41.el8.x86_64                                                       
  zip-3.0-23.el8.x86_64                                                         
  mailx-12.5-29.el8.x86_64                                                      
  php-fpm-7.2.11-4.module+el8.1.0+4555+f5cb8e18.x86_64                          
  nginx-filesystem-1:1.14.1-9.module+el8.0.0+4108+af250afe.noarch               
  libzip-1.5.1-2.module+el8.1.0+3202+af5476b9.x86_64                            
  jbigkit-libs-2.1-14.el8.x86_64                                                
  libX11-1.6.7-1.el8.x86_64                                                     
  libxcb-1.13-5.el8.x86_64                                                      
  libXpm-3.5.12-7.el8.x86_64                                                    
  libtiff-4.0.9-15.el8.x86_64                                                   
  libX11-common-1.6.7-1.el8.noarch                                              
  python3-pip-9.0.3-13.el8.noarch                                               
  gd-2.2.5-6.el8.x86_64                                                         
  libXau-1.0.8-13.el8.x86_64                                                    
  libwebp-1.0.0-1.el8.x86_64                                                    
  libjpeg-turbo-1.5.3-10.el8.x86_64                                             
  php-pdo-7.2.11-4.module+el8.1.0+4555+f5cb8e18.x86_64                          
  php-common-7.2.11-4.module+el8.1.0+4555+f5cb8e18.x86_64                       
  net-snmp-agent-libs-1:5.8-12.el8_1.x86_64                                     
  net-snmp-1:5.8-12.el8_1.x86_64                                                
  fontconfig-2.13.1-3.el8.x86_64                                                
  dejavu-sans-fonts-2.35-6.el8.noarch                                           
  fontpackages-filesystem-1.44-22.el8.noarch                                    
  dejavu-fonts-common-2.35-6.el8.noarch                                         
  libxslt-1.1.32-3.el8.x86_64                                                   
  lm_sensors-libs-3.4.0-20.20180522git70f7e08.el8.x86_64                        
  net-snmp-libs-1:5.8-12.el8_1.x86_64                                           

Complete!
----------Check installation[php]----------
Last metadata expiration check: 0:00:47 ago on Thu 27 Feb 2020 06:18:52 AM UTC.
Package php-7.2.11-4.module+el8.1.0+4555+f5cb8e18.x86_64 is already installed.
Dependencies resolved.
Nothing to do.
Complete!
----------Check installation[php-bcmath]----------
Last metadata expiration check: 0:00:48 ago on Thu 27 Feb 2020 06:18:52 AM UTC.
Package php-bcmath-7.2.11-4.module+el8.1.0+4555+f5cb8e18.x86_64 is already installed.
Dependencies resolved.
Nothing to do.
Complete!
----------Check installation[php-cli]----------
Last metadata expiration check: 0:00:50 ago on Thu 27 Feb 2020 06:18:52 AM UTC.
Package php-cli-7.2.11-4.module+el8.1.0+4555+f5cb8e18.x86_64 is already installed.
Dependencies resolved.
Nothing to do.
Complete!
----------Check installation[php-ldap]----------
Last metadata expiration check: 0:00:51 ago on Thu 27 Feb 2020 06:18:52 AM UTC.
Package php-ldap-7.2.11-4.module+el8.1.0+4555+f5cb8e18.x86_64 is already installed.
Dependencies resolved.
Nothing to do.
Complete!
----------Check installation[php-mbstring]----------
Last metadata expiration check: 0:00:53 ago on Thu 27 Feb 2020 06:18:52 AM UTC.
Package php-mbstring-7.2.11-4.module+el8.1.0+4555+f5cb8e18.x86_64 is already installed.
Dependencies resolved.
Nothing to do.
Complete!
----------Check installation[php-mysqlnd]----------
Last metadata expiration check: 0:00:55 ago on Thu 27 Feb 2020 06:18:52 AM UTC.
Package php-mysqlnd-7.2.11-4.module+el8.1.0+4555+f5cb8e18.x86_64 is already installed.
Dependencies resolved.
Nothing to do.
Complete!
----------Check installation[php-pear]----------
Last metadata expiration check: 0:00:56 ago on Thu 27 Feb 2020 06:18:52 AM UTC.
Package php-pear-1:1.10.5-9.module+el8.1.0+3202+af5476b9.noarch is already installed.
Dependencies resolved.
Nothing to do.
Complete!
----------Check installation[php-pecl-zip]----------
Last metadata expiration check: 0:00:58 ago on Thu 27 Feb 2020 06:18:52 AM UTC.
Package php-pecl-zip-1.15.3-1.module+el8+2561+1aca3413.x86_64 is already installed.
Dependencies resolved.
Nothing to do.
Complete!
----------Check installation[php-process]----------
Last metadata expiration check: 0:01:00 ago on Thu 27 Feb 2020 06:18:52 AM UTC.
Package php-process-7.2.11-4.module+el8.1.0+4555+f5cb8e18.x86_64 is already installed.
Dependencies resolved.
Nothing to do.
Complete!
----------Check installation[php-snmp]----------
Last metadata expiration check: 0:01:01 ago on Thu 27 Feb 2020 06:18:52 AM UTC.
Package php-snmp-7.2.11-4.module+el8.1.0+4555+f5cb8e18.x86_64 is already installed.
Dependencies resolved.
Nothing to do.
Complete!
----------Check installation[php-xml]----------
Last metadata expiration check: 0:01:03 ago on Thu 27 Feb 2020 06:18:52 AM UTC.
Package php-xml-7.2.11-4.module+el8.1.0+4555+f5cb8e18.x86_64 is already installed.
Dependencies resolved.
Nothing to do.
Complete!
----------Check installation[zip]----------
Last metadata expiration check: 0:01:04 ago on Thu 27 Feb 2020 06:18:52 AM UTC.
Package zip-3.0-23.el8.x86_64 is already installed.
Dependencies resolved.
Nothing to do.
Complete!
----------Check installation[telnet]----------
Last metadata expiration check: 0:01:06 ago on Thu 27 Feb 2020 06:18:52 AM UTC.
Package telnet-1:0.17-73.el8.x86_64 is already installed.
Dependencies resolved.
Nothing to do.
Complete!
----------Check installation[mailx]----------
Last metadata expiration check: 0:01:08 ago on Thu 27 Feb 2020 06:18:52 AM UTC.
Package mailx-12.5-29.el8.x86_64 is already installed.
Dependencies resolved.
Nothing to do.
Complete!
----------Check installation[unzip]----------
Last metadata expiration check: 0:01:09 ago on Thu 27 Feb 2020 06:18:52 AM UTC.
Package unzip-6.0-41.el8.x86_64 is already installed.
Dependencies resolved.
Nothing to do.
Complete!
----------Check installation[php-json]----------
Last metadata expiration check: 0:01:11 ago on Thu 27 Feb 2020 06:18:52 AM UTC.
Package php-json-7.2.11-4.module+el8.1.0+4555+f5cb8e18.x86_64 is already installed.
Dependencies resolved.
Nothing to do.
Complete!
----------Check installation[php-zip]----------
Last metadata expiration check: 0:01:12 ago on Thu 27 Feb 2020 06:18:52 AM UTC.
Package php-pecl-zip-1.15.3-1.module+el8+2561+1aca3413.x86_64 is already installed.
Dependencies resolved.
Nothing to do.
Complete!
----------Check installation[php-gd]----------
Last metadata expiration check: 0:01:14 ago on Thu 27 Feb 2020 06:18:52 AM UTC.
Package php-gd-7.2.11-4.module+el8.1.0+4555+f5cb8e18.x86_64 is already installed.
Dependencies resolved.
Nothing to do.
Complete!
----------Check installation[python3]----------
Last metadata expiration check: 0:01:16 ago on Thu 27 Feb 2020 06:18:52 AM UTC.
Package python36-3.6.8-2.module+el8.1.0+3334+5cb623d7.x86_64 is already installed.
Dependencies resolved.
Nothing to do.
Complete!
WARNING: channel "pear.php.net" has updated its protocols, use "pear channel-update pear.php.net" to update
WARNING: "pear/DB" is deprecated in favor of "pear/MDB2"
WARNING: "pear/MDB" is deprecated in favor of "pear/MDB2"
WARNING: "pear/HTTP_Client" is deprecated in favor of "pear/HTTP_Request2"
Did not download optional dependencies: pear/Log, pear/File_Passwd, pear/Net_POP3, pear/DB, pear/MDB, pear/MDB2, pear/Auth_RADIUS, pear/Crypt_CHAP, pear/File_SMBPasswd, pear/HTTP_Client, pear/SOAP, pear/Net_Vpopmaild, pecl/vpopmail, pecl/kadm5, use --alldeps to download automatically
pear/Auth can optionally use package "pear/Log" (version >= 1.9.10)
pear/Auth can optionally use package "pear/File_Passwd" (version >= 1.1.0)
pear/Auth can optionally use package "pear/Net_POP3" (version >= 1.3.0)
pear/Auth can optionally use package "pear/DB" (version >= 1.6.0)
pear/Auth can optionally use package "pear/MDB"
pear/Auth can optionally use package "pear/MDB2" (version >= 2.0.0RC1)
pear/Auth can optionally use package "pear/Auth_RADIUS"
pear/Auth can optionally use package "pear/Crypt_CHAP" (version >= 1.0.0)
pear/Auth can optionally use package "pear/File_SMBPasswd" (version >= 1.0.0)
pear/Auth can optionally use package "pear/HTTP_Client" (version >= 1.1.0)
pear/Auth can optionally use package "pear/SOAP" (version >= 0.9.0)
pear/Auth can optionally use package "pear/Net_Vpopmaild" (version >= 0.1.0)
pear/Auth can optionally use package "pecl/vpopmail" (version >= 0.2)
pear/Auth can optionally use package "pecl/kadm5" (version >= 0.2.3)
pear/Auth can optionally use PHP extension "imap"
pear/Auth can optionally use PHP extension "saprfc"
pear/Auth can optionally use PHP extension "soap"
downloading Auth-1.6.4.tgz ...
Starting to download Auth-1.6.4.tgz (56,771 bytes)
..............done: 56,771 bytes
downloading HTML_AJAX-0.5.8.tgz ...
Starting to download HTML_AJAX-0.5.8.tgz (140,357 bytes)
...done: 140,357 bytes
install ok: channel://pear.php.net/Auth-1.6.4
install ok: channel://pear.php.net/HTML_AJAX-0.5.8
----------Installation[Auth HTML_AJAX-beta]----------
Success pear Install
----------Installation[Spyc]----------
----------Installation[Composer]----------
All settings correct for using Composer
Downloading...

Composer (version 1.9.3) successfully installed to: /usr/bin/composer.phar
Use it: php /usr/bin/composer.phar

----------Installation[PhpSpreadsheet]----------
Do not run Composer as root/super user! See https://getcomposer.org/root for details
./composer.json has been created
Loading composer repositories with package information
Updating dependencies (including require-dev)
Package operations: 4 installs, 0 updates, 0 removals
  - Installing psr/simple-cache (1.0.1): Downloading (connecting...)Downloading (0%)           Downloading (30%)Downloading (60%)Downloading (100%)
  - Installing markbaker/matrix (1.2.0): Downloading (connecting...)Downloading (0%)           Downloading (5%)Downloading (60%)Downloading (65%)Downloading (70%)Downloading (100%)
  - Installing markbaker/complex (1.4.7): Downloading (connecting...)Downloading (0%)           Downloading (25%)Downloading (35%)Downloading (60%)Downloading (70%)Downloading (95%)Downloading (100%)
  - Installing phpoffice/phpspreadsheet (1.10.1): Downloading (connecting...)Downloading (0%)           Downloading (5%)Downloading (10%)Downloading (15%)Downloading (20%)Downloading (25%)Downloading (30%)Downloading (35%)Downloading (40%)Downloading (45%)Downloading (50%)Downloading (55%)Downloading (60%)Downloading (65%)Downloading (70%)Downloading (75%)Downloading (80%)Downloading (85%)Downloading (90%)Downloading (95%)Downloading (100%)
phpoffice/phpspreadsheet suggests installing mpdf/mpdf (Option for rendering PDF with PDF Writer)
phpoffice/phpspreadsheet suggests installing dompdf/dompdf (Option for rendering PDF with PDF Writer)
phpoffice/phpspreadsheet suggests installing tecnickcom/tcpdf (Option for rendering PDF with PDF Writer)
phpoffice/phpspreadsheet suggests installing jpgraph/jpgraph (Option for rendering charts, or including charts with PDF or HTML Writers)
Writing lock file
Generating autoload files
[2020-02-27 06:21:33] git install and setting
----------Installation[git]----------
Last metadata expiration check: 0:02:42 ago on Thu 27 Feb 2020 06:18:52 AM UTC.
Dependencies resolved.
================================================================================
 Package          Arch   Version          Repository                       Size
================================================================================
Installing:
 git              x86_64 2.18.2-1.el8_1   rhui-rhel-8-appstream-rhui-rpms 186 k
Installing dependencies:
 perl-TermReadKey x86_64 2.37-7.el8       rhui-rhel-8-appstream-rhui-rpms  40 k
 perl-Error       noarch 1:0.17025-2.el8  rhui-rhel-8-appstream-rhui-rpms  46 k
 git-core-doc     noarch 2.18.2-1.el8_1   rhui-rhel-8-appstream-rhui-rpms 2.3 M
 perl-Git         noarch 2.18.2-1.el8_1   rhui-rhel-8-appstream-rhui-rpms  77 k
 git-core         x86_64 2.18.2-1.el8_1   rhui-rhel-8-appstream-rhui-rpms 5.0 M
 emacs-filesystem noarch 1:26.1-5.el8     rhui-rhel-8-baseos-rhui-rpms     69 k

Transaction Summary
================================================================================
Install  7 Packages

Total download size: 7.6 M
Installed size: 42 M
Downloading Packages:
(1/7): perl-TermReadKey-2.37-7.el8.x86_64.rpm   422 kB/s |  40 kB     00:00    
(2/7): perl-Error-0.17025-2.el8.noarch.rpm      465 kB/s |  46 kB     00:00    
(3/7): git-2.18.2-1.el8_1.x86_64.rpm            1.7 MB/s | 186 kB     00:00    
(4/7): perl-Git-2.18.2-1.el8_1.noarch.rpm       909 kB/s |  77 kB     00:00    
(5/7): git-core-doc-2.18.2-1.el8_1.noarch.rpm    18 MB/s | 2.3 MB     00:00    
(6/7): git-core-2.18.2-1.el8_1.x86_64.rpm        28 MB/s | 5.0 MB     00:00    
(7/7): emacs-filesystem-26.1-5.el8.noarch.rpm   674 kB/s |  69 kB     00:00    
--------------------------------------------------------------------------------
Total                                           5.8 MB/s | 7.6 MB     00:01     
Running transaction check
Transaction check succeeded.
Running transaction test
Transaction test succeeded.
Running transaction
  Preparing        :                                                        1/1 
  Installing       : git-core-2.18.2-1.el8_1.x86_64                         1/7 
  Installing       : git-core-doc-2.18.2-1.el8_1.noarch                     2/7 
  Installing       : emacs-filesystem-1:26.1-5.el8.noarch                   3/7 
  Installing       : perl-Error-1:0.17025-2.el8.noarch                      4/7 
  Installing       : perl-TermReadKey-2.37-7.el8.x86_64                     5/7 
  Installing       : perl-Git-2.18.2-1.el8_1.noarch                         6/7 
  Installing       : git-2.18.2-1.el8_1.x86_64                              7/7 
  Running scriptlet: git-2.18.2-1.el8_1.x86_64                              7/7 
  Verifying        : perl-TermReadKey-2.37-7.el8.x86_64                     1/7 
  Verifying        : perl-Error-1:0.17025-2.el8.noarch                      2/7 
  Verifying        : git-2.18.2-1.el8_1.x86_64                              3/7 
  Verifying        : git-core-doc-2.18.2-1.el8_1.noarch                     4/7 
  Verifying        : perl-Git-2.18.2-1.el8_1.noarch                         5/7 
  Verifying        : git-core-2.18.2-1.el8_1.x86_64                         6/7 
  Verifying        : emacs-filesystem-1:26.1-5.el8.noarch                   7/7 

Installed:
  git-2.18.2-1.el8_1.x86_64               perl-TermReadKey-2.37-7.el8.x86_64   
  perl-Error-1:0.17025-2.el8.noarch       git-core-doc-2.18.2-1.el8_1.noarch   
  perl-Git-2.18.2-1.el8_1.noarch          git-core-2.18.2-1.el8_1.x86_64       
  emacs-filesystem-1:26.1-5.el8.noarch   

Complete!
----------Check installation[git]----------
Last metadata expiration check: 0:02:48 ago on Thu 27 Feb 2020 06:18:52 AM UTC.
Package git-2.18.2-1.el8_1.x86_64 is already installed.
Dependencies resolved.
Nothing to do.
Complete!
[2020-02-27 06:21:42] ansible install and setting
----------Installation[sshpass expect]----------
Last metadata expiration check: 0:02:50 ago on Thu 27 Feb 2020 06:18:52 AM UTC.
Package expect-5.45.4-5.el8.x86_64 is already installed.
Dependencies resolved.
================================================================================
 Package           Arch             Version                Repository      Size
================================================================================
Installing:
 sshpass           x86_64           1.06-9.el8             epel            27 k

Transaction Summary
================================================================================
Install  1 Package

Total download size: 27 k
Installed size: 40 k
Downloading Packages:
sshpass-1.06-9.el8.x86_64.rpm                    27 kB/s |  27 kB     00:01    
--------------------------------------------------------------------------------
Total                                           8.9 kB/s |  27 kB     00:03     
warning: /var/cache/dnf/epel-fafd94c310c51e1e/packages/sshpass-1.06-9.el8.x86_64.rpm: Header V3 RSA/SHA256 Signature, key ID 2f86d6a1: NOKEY
Extra Packages for Enterprise Linux 8 - x86_64  1.6 MB/s | 1.6 kB     00:00    
Importing GPG key 0x2F86D6A1:
 Userid     : "Fedora EPEL (8) <epel@fedoraproject.org>"
 Fingerprint: 94E2 79EB 8D8F 25B2 1810 ADF1 21EA 45AB 2F86 D6A1
 From       : /etc/pki/rpm-gpg/RPM-GPG-KEY-EPEL-8
Key imported successfully
Running transaction check
Transaction check succeeded.
Running transaction test
Transaction test succeeded.
Running transaction
  Preparing        :                                                        1/1 
  Installing       : sshpass-1.06-9.el8.x86_64                              1/1 
  Running scriptlet: sshpass-1.06-9.el8.x86_64                              1/1 
  Verifying        : sshpass-1.06-9.el8.x86_64                              1/1 

Installed:
  sshpass-1.06-9.el8.x86_64                                                     

Complete!
----------Check installation[sshpass]----------
Last metadata expiration check: 0:02:56 ago on Thu 27 Feb 2020 06:18:52 AM UTC.
Package sshpass-1.06-9.el8.x86_64 is already installed.
Dependencies resolved.
Nothing to do.
Complete!
----------Check installation[expect]----------
Last metadata expiration check: 0:02:57 ago on Thu 27 Feb 2020 06:18:52 AM UTC.
Package expect-5.45.4-5.el8.x86_64 is already installed.
Dependencies resolved.
Nothing to do.
Complete!
diff: /etc/ansible//ansible.cfg: No such file or directory
WARNING: Running pip install with root privileges is generally not a good idea. Try `pip3 install --user` instead.
Collecting ansible
  Downloading https://files.pythonhosted.org/packages/ec/17/1057cd4fa1c672dde8cc6a2ebc5df29e35170bcbd178291c918b435fe285/ansible-2.9.5.tar.gz (14.2MB)
Collecting pexpect
  Downloading https://files.pythonhosted.org/packages/39/7b/88dbb785881c28a102619d46423cb853b46dbccc70d3ac362d99773a78ce/pexpect-4.8.0-py2.py3-none-any.whl (59kB)
Collecting pywinrm
  Downloading https://files.pythonhosted.org/packages/fc/88/be0ea1af44c3bcc54e4c41e4056986743551693c77dfe50b48a3f4ba1bf7/pywinrm-0.4.1.tar.gz
Requirement already satisfied: jinja2 in /usr/lib/python3.6/site-packages (from ansible)
Requirement already satisfied: PyYAML in /usr/lib64/python3.6/site-packages (from ansible)
Requirement already satisfied: cryptography in /usr/lib64/python3.6/site-packages (from ansible)
Collecting ptyprocess>=0.5 (from pexpect)
  Downloading https://files.pythonhosted.org/packages/d1/29/605c2cc68a9992d18dada28206eeada56ea4bd07a239669da41674648b6f/ptyprocess-0.6.0-py2.py3-none-any.whl
Collecting xmltodict (from pywinrm)
  Downloading https://files.pythonhosted.org/packages/28/fd/30d5c1d3ac29ce229f6bdc40bbc20b28f716e8b363140c26eff19122d8a5/xmltodict-0.12.0-py2.py3-none-any.whl
Requirement already satisfied: requests>=2.9.1 in /usr/lib/python3.6/site-packages (from pywinrm)
Collecting requests_ntlm>=0.3.0 (from pywinrm)
  Downloading https://files.pythonhosted.org/packages/03/4b/8b9a1afde8072c4d5710d9fa91433d504325821b038e00237dc8d6d833dc/requests_ntlm-1.1.0-py2.py3-none-any.whl
Requirement already satisfied: six in /usr/lib/python3.6/site-packages (from pywinrm)
Requirement already satisfied: MarkupSafe>=0.23 in /usr/lib64/python3.6/site-packages (from jinja2->ansible)
Requirement already satisfied: idna>=2.1 in /usr/lib/python3.6/site-packages (from cryptography->ansible)
Requirement already satisfied: asn1crypto>=0.21.0 in /usr/lib/python3.6/site-packages (from cryptography->ansible)
Requirement already satisfied: cffi!=1.11.3,>=1.7 in /usr/lib64/python3.6/site-packages (from cryptography->ansible)
Requirement already satisfied: chardet<3.1.0,>=3.0.2 in /usr/lib/python3.6/site-packages (from requests>=2.9.1->pywinrm)
Requirement already satisfied: urllib3<1.25,>=1.21.1 in /usr/lib/python3.6/site-packages (from requests>=2.9.1->pywinrm)
Collecting ntlm-auth>=1.0.2 (from requests_ntlm>=0.3.0->pywinrm)
  Downloading https://files.pythonhosted.org/packages/50/09/5e397eb18685b14fd8b209e26cdb4fa6451c82c1bcc651fef05fa73e7b27/ntlm_auth-1.4.0-py2.py3-none-any.whl
Requirement already satisfied: pycparser in /usr/lib/python3.6/site-packages (from cffi!=1.11.3,>=1.7->cryptography->ansible)
Installing collected packages: ansible, ptyprocess, pexpect, xmltodict, ntlm-auth, requests-ntlm, pywinrm
  Running setup.py install for ansible: started
    Running setup.py install for ansible: finished with status 'done'
  Running setup.py install for pywinrm: started
    Running setup.py install for pywinrm: finished with status 'done'
Successfully installed ansible-2.9.5 ntlm-auth-1.4.0 pexpect-4.8.0 ptyprocess-0.6.0 pywinrm-0.4.1 requests-ntlm-1.1.0 xmltodict-0.12.0
[2020-02-27 06:22:19] Running the ITA installer
53,60c53
< # Disable "ssh hostname sudo <cmd>", because it will show the password in clear. 
< #         You have to run "ssh -t hostname sudo <cmd>".
< #
< # Defaults    requiretty
< 
< #
< # Refuse to run if unable to disable echo on the tty. This setting should also be
< # changed in order to be able to use sudo without a tty. See requiretty above.
---
> # Refuse to run if unable to disable echo on the tty.
71a65,73
> Defaults    match_group_by_gid
> 
> # Prior to version 1.8.15, groups listed in sudoers that were not
> # found in the system group database were passed to the group
> # plugin, if any. Starting with 1.8.15, only groups of the form
> # %:group are resolved via the group plugin by default.
> # We enable always_query_group_plugin to restore old behavior.
> # Disable this option for new behavior.
> Defaults    always_query_group_plugin
74c76
< Defaults    env_keep =  "COLORS DISPLAY HOSTNAME HISTSIZE INPUTRC KDEDIR LS_COLORS"
---
> Defaults    env_keep =  "COLORS DISPLAY HOSTNAME HISTSIZE KDEDIR LS_COLORS"
100,103d101
< daemon       ALL=(ALL) NOPASSWD:ALL
< apache       ALL=(ALL) NOPASSWD:ALL
< exec_ansible ALL=(ALL) NOPASSWD:ALL
< 
122a121
> ec2-user	ALL=(ALL)	NOPASSWD: ALL
[2020-02-27 06:22:45] ==========[END ITA BUILDER ONLINE]==========
[2020-02-28 11:39:45] read setting file
[2020-02-28 11:39:52] read answer file
[2020-02-28 11:40:13] ==========[START ITA BUILDER ONLINE]==========
[2020-02-28 11:40:14] Set up repository
Extra Packages for Enterprise Linux 8 - x86_64  0.0  B/s |   0  B     00:28    
Error: Failed to synchronize cache for repo 'epel'
Successful repository acquisition
38 files removed
[2020-02-28 11:44:45] OS setting
Failed to stop firewalld.service: Unit firewalld.service not loaded.
Failed to disable unit: Unit file firewalld.service does not exist.
setenforce: SELinux is disabled
[2020-02-28 11:44:49] MariaDB install and setting
Installed Packages
mariadb-server.x86_64 3:10.3.17-1.module+el8.1.0+3974+90eded84 @rhui-rhel-8-appstream-rhui-rpms
[2020-02-28 11:45:06] MariaDB has already been installed.
Database
exastro_db
information_schema
mysql
performance_schema
[2020-02-28 11:45:07] Root password of MariaDB is already setting.
[2020-02-28 11:45:07] Apache install and setting
----------Installation[httpd mod_ssl]----------
Extra Packages for Enterprise Linux 8 - x86_64  0.0  B/s |   0  B     00:28    
Error: Failed to synchronize cache for repo 'epel'
----------Check installation[httpd]----------
Extra Packages for Enterprise Linux 8 - x86_64  0.0  B/s |   0  B     00:28    
Error: Failed to synchronize cache for repo 'epel'
[2020-02-28 11:49:07] ERROR:Installation failed[httpd]
[2020-02-28 11:59:11] read setting file
[2020-02-28 11:59:19] read answer file
[2020-02-28 11:59:43] ==========[START ITA BUILDER ONLINE]==========
[2020-02-28 11:59:44] Set up repository
Extra Packages for Enterprise Linux 8 - x86_64  0.0  B/s |   0  B     00:28    
Error: Failed to synchronize cache for repo 'epel'
Successful repository acquisition
0 files removed
[2020-02-28 12:03:18] OS setting
Failed to stop firewalld.service: Unit firewalld.service not loaded.
Failed to disable unit: Unit file firewalld.service does not exist.
setenforce: SELinux is disabled
[2020-02-28 12:03:23] MariaDB install and setting
Installed Packages
mariadb-server.x86_64 3:10.3.17-1.module+el8.1.0+3974+90eded84 @rhui-rhel-8-appstream-rhui-rpms
[2020-02-28 12:06:33] MariaDB has already been installed.
Database
exastro_db
information_schema
mysql
performance_schema
[2020-02-28 12:07:05] Root password of MariaDB is already setting.
[2020-02-28 12:07:06] Apache install and setting
----------Installation[httpd mod_ssl]----------
Extra Packages for Enterprise Linux 8 - x86_64  0.0  B/s |   0  B     00:28    
Error: Failed to synchronize cache for repo 'epel'
----------Check installation[httpd]----------
Extra Packages for Enterprise Linux 8 - x86_64  0.0  B/s |   0  B     00:28    
Error: Failed to synchronize cache for repo 'epel'
[2020-02-28 12:14:01] ERROR:Installation failed[httpd]
[2020-03-02 03:56:48] read setting file
[2020-03-02 03:56:56] read answer file
[2020-03-02 03:57:18] ==========[START ITA BUILDER ONLINE]==========
[2020-03-02 03:57:18] Set up repository
Extra Packages for Enterprise Linux 8 - x86_64  0.0  B/s |   0  B     00:28    
Error: Failed to synchronize cache for repo 'epel'
Successful repository acquisition
0 files removed
[2020-03-02 04:02:36] OS setting
Failed to stop firewalld.service: Unit firewalld.service not loaded.
Failed to disable unit: Unit file firewalld.service does not exist.
setenforce: SELinux is disabled
[2020-03-02 04:02:41] MariaDB install and setting
Installed Packages
mariadb-server.x86_64 3:10.3.17-1.module+el8.1.0+3974+90eded84 @rhui-rhel-8-appstream-rhui-rpms
[2020-03-02 04:04:59] MariaDB has already been installed.
Database
exastro_db
information_schema
mysql
performance_schema
[2020-03-02 04:05:32] Root password of MariaDB is already setting.
[2020-03-02 04:05:33] Apache install and setting
----------Installation[httpd mod_ssl]----------
Extra Packages for Enterprise Linux 8 - x86_64  0.0  B/s |   0  B     00:28    
Error: Failed to synchronize cache for repo 'epel'
----------Check installation[httpd]----------
Extra Packages for Enterprise Linux 8 - x86_64  0.0  B/s |   0  B     00:28    
Error: Failed to synchronize cache for repo 'epel'
[2020-03-02 04:10:55] ERROR:Installation failed[httpd]
[2020-03-02 04:23:27] read setting file
[2020-03-02 04:23:38] read answer file
[2020-03-02 04:23:57] ==========[START ITA BUILDER ONLINE]==========
[2020-03-02 04:23:57] Set up repository
Extra Packages for Enterprise Linux 8 - x86_64  0.0  B/s |   0  B     00:28    
Error: Failed to synchronize cache for repo 'epel'
Successful repository acquisition
0 files removed
[2020-03-02 04:28:39] OS setting
Failed to stop firewalld.service: Unit firewalld.service not loaded.
Failed to disable unit: Unit file firewalld.service does not exist.
setenforce: SELinux is disabled
[2020-03-02 04:28:44] MariaDB install and setting
Installed Packages
mariadb-server.x86_64 3:10.3.17-1.module+el8.1.0+3974+90eded84 @rhui-rhel-8-appstream-rhui-rpms
[2020-03-02 04:31:38] MariaDB has already been installed.
Database
exastro_db
information_schema
mysql
performance_schema
[2020-03-02 04:32:15] Root password of MariaDB is already setting.
[2020-03-02 04:32:15] Apache install and setting
----------Installation[httpd mod_ssl]----------
Extra Packages for Enterprise Linux 8 - x86_64  0.0  B/s |   0  B     00:28    
Error: Failed to synchronize cache for repo 'epel'
----------Check installation[httpd]----------
Extra Packages for Enterprise Linux 8 - x86_64  0.0  B/s |   0  B     00:28    
Error: Failed to synchronize cache for repo 'epel'
[2020-03-02 04:36:01] ERROR:Installation failed[httpd]
[2020-03-02 05:51:02] read setting file
[2020-03-02 05:51:12] read answer file
[2020-03-02 05:51:32] ==========[START ITA BUILDER ONLINE]==========
[2020-03-02 05:51:32] Set up repository
Extra Packages for Enterprise Linux 8 - x86_64  0.0  B/s |   0  B     00:28    
Error: Failed to synchronize cache for repo 'epel'
Successful repository acquisition
0 files removed
[2020-03-02 05:56:08] OS setting
Failed to stop firewalld.service: Unit firewalld.service not loaded.
Failed to disable unit: Unit file firewalld.service does not exist.
setenforce: SELinux is disabled
[2020-03-02 05:56:12] MariaDB install and setting
Installed Packages
mariadb-server.x86_64 3:10.3.17-1.module+el8.1.0+3974+90eded84 @rhui-rhel-8-appstream-rhui-rpms
[2020-03-02 05:59:04] MariaDB has already been installed.
Database
exastro_db
information_schema
mysql
performance_schema
[2020-03-02 05:59:40] Root password of MariaDB is already setting.
[2020-03-02 05:59:41] Apache install and setting
----------Installation[httpd mod_ssl]----------
Extra Packages for Enterprise Linux 8 - x86_64  0.0  B/s |   0  B     00:28    
Error: Failed to synchronize cache for repo 'epel'
----------Check installation[httpd]----------
Extra Packages for Enterprise Linux 8 - x86_64  0.0  B/s |   0  B     00:28    
Error: Failed to synchronize cache for repo 'epel'
[2020-03-02 06:05:49] ERROR:Installation failed[httpd]
